TN:
SF:js\apiClient.js
FN:1,(anonymous_0)
FN:5,getUsername
FN:6,(anonymous_2)
FN:7,(anonymous_3)
FN:10,(anonymous_4)
FN:17,getTank
FN:18,(anonymous_6)
FN:19,(anonymous_7)
FN:21,(anonymous_8)
FN:28,getBoard
FN:29,(anonymous_10)
FN:30,(anonymous_11)
FN:32,(anonymous_12)
FN:39,getTanks
FN:40,(anonymous_14)
FN:41,(anonymous_15)
FN:43,(anonymous_16)
FNF:17
FNH:1
FNDA:1,(anonymous_0)
FNDA:0,getUsername
FNDA:0,(anonymous_2)
FNDA:0,(anonymous_3)
FNDA:0,(anonymous_4)
FNDA:0,getTank
FNDA:0,(anonymous_6)
FNDA:0,(anonymous_7)
FNDA:0,(anonymous_8)
FNDA:0,getBoard
FNDA:0,(anonymous_10)
FNDA:0,(anonymous_11)
FNDA:0,(anonymous_12)
FNDA:0,getTanks
FNDA:0,(anonymous_14)
FNDA:0,(anonymous_15)
FNDA:0,(anonymous_16)
DA:1,1
DA:3,1
DA:6,0
DA:7,0
DA:8,0
DA:9,0
DA:11,0
DA:12,0
DA:18,0
DA:19,0
DA:20,0
DA:22,0
DA:23,0
DA:29,0
DA:30,0
DA:31,0
DA:33,0
DA:34,0
DA:40,0
DA:41,0
DA:42,0
DA:44,0
DA:45,0
DA:50,1
LF:24
LH:3
BRF:0
BRH:0
end_of_record
TN:
SF:js\board.js
FN:3,(anonymous_0)
FN:9,moveTank
FN:48,rotateTank
FN:55,updateBoard
FN:57,(anonymous_4)
FN:62,updateTankPosition
FN:76,displayWinner
FN:86,shoot
FN:106,animateBullet
FN:129,step
FN:156,resetPromise
FN:157,(anonymous_11)
FN:158,(anonymous_12)
FN:159,(anonymous_13)
FN:162,(anonymous_14)
FN:170,resetAfterWin
FN:172,(anonymous_16)
FN:175,(anonymous_17)
FN:181,resetFront
FN:189,(anonymous_19)
FN:216,stopBullet
FN:232,placeTanks
FN:233,(anonymous_22)
FN:237,(anonymous_23)
FN:245,(anonymous_24)
FN:250,subscribe
FN:254,(anonymous_26)
FN:260,(anonymous_27)
FN:272,(anonymous_28)
FN:283,(anonymous_29)
FN:298,(anonymous_30)
FN:306,addListeners
FN:307,(anonymous_32)
FN:324,(anonymous_33)
FN:331,initializeBoard
FN:346,init
FN:351,(anonymous_36)
FN:355,(anonymous_37)
FN:357,(anonymous_38)
FN:358,(anonymous_39)
FN:362,(anonymous_40)
FN:363,(anonymous_41)
FN:364,(anonymous_42)
FN:369,(anonymous_43)
FN:370,(anonymous_44)
FN:371,(anonymous_45)
FNF:46
FNH:1
FNDA:1,(anonymous_0)
FNDA:0,moveTank
FNDA:0,rotateTank
FNDA:0,updateBoard
FNDA:0,(anonymous_4)
FNDA:0,updateTankPosition
FNDA:0,displayWinner
FNDA:0,shoot
FNDA:0,animateBullet
FNDA:0,step
FNDA:0,resetPromise
FNDA:0,(anonymous_11)
FNDA:0,(anonymous_12)
FNDA:0,(anonymous_13)
FNDA:0,(anonymous_14)
FNDA:0,resetAfterWin
FNDA:0,(anonymous_16)
FNDA:0,(anonymous_17)
FNDA:0,resetFront
FNDA:0,(anonymous_19)
FNDA:0,stopBullet
FNDA:0,placeTanks
FNDA:0,(anonymous_22)
FNDA:0,(anonymous_23)
FNDA:0,(anonymous_24)
FNDA:0,subscribe
FNDA:0,(anonymous_26)
FNDA:0,(anonymous_27)
FNDA:0,(anonymous_28)
FNDA:0,(anonymous_29)
FNDA:0,(anonymous_30)
FNDA:0,addListeners
FNDA:0,(anonymous_32)
FNDA:0,(anonymous_33)
FNDA:0,initializeBoard
FNDA:0,init
FNDA:0,(anonymous_36)
FNDA:0,(anonymous_37)
FNDA:0,(anonymous_38)
FNDA:0,(anonymous_39)
FNDA:0,(anonymous_40)
FNDA:0,(anonymous_41)
FNDA:0,(anonymous_42)
FNDA:0,(anonymous_43)
FNDA:0,(anonymous_44)
FNDA:0,(anonymous_45)
DA:1,1
DA:3,1
DA:5,1
DA:6,1
DA:7,1
DA:10,0
DA:11,0
DA:12,0
DA:14,0
DA:15,0
DA:17,0
DA:19,0
DA:20,0
DA:21,0
DA:23,0
DA:24,0
DA:25,0
DA:27,0
DA:28,0
DA:29,0
DA:31,0
DA:32,0
DA:33,0
DA:35,0
DA:36,0
DA:39,0
DA:49,0
DA:50,0
DA:51,0
DA:56,0
DA:58,0
DA:63,0
DA:64,0
DA:65,0
DA:66,0
DA:67,0
DA:68,0
DA:72,1
DA:73,1
DA:77,0
DA:78,0
DA:79,0
DA:80,0
DA:81,0
DA:84,1
DA:87,0
DA:88,0
DA:89,0
DA:90,0
DA:91,0
DA:92,0
DA:93,0
DA:101,0
DA:102,0
DA:107,0
DA:108,0
DA:109,0
DA:110,0
DA:111,0
DA:112,0
DA:114,0
DA:115,0
DA:116,0
DA:117,0
DA:119,0
DA:121,0
DA:122,0
DA:123,0
DA:124,0
DA:125,0
DA:126,0
DA:130,0
DA:131,0
DA:132,0
DA:133,0
DA:136,0
DA:137,0
DA:138,0
DA:141,0
DA:142,0
DA:144,0
DA:145,0
DA:146,0
DA:147,0
DA:152,0
DA:157,0
DA:158,0
DA:159,0
DA:160,0
DA:161,0
DA:163,0
DA:164,0
DA:171,0
DA:173,0
DA:176,0
DA:182,0
DA:183,0
DA:184,0
DA:185,0
DA:186,0
DA:188,0
DA:189,0
DA:190,0
DA:191,0
DA:196,1
DA:197,1
DA:214,1
DA:217,0
DA:219,0
DA:225,1
DA:228,1
DA:229,1
DA:233,0
DA:234,0
DA:236,0
DA:237,0
DA:238,0
DA:239,0
DA:240,0
DA:241,0
DA:242,0
DA:243,0
DA:245,0
DA:246,0
DA:251,0
DA:252,0
DA:253,0
DA:254,0
DA:255,0
DA:257,0
DA:258,0
DA:260,0
DA:261,0
DA:262,0
DA:263,0
DA:264,0
DA:266,0
DA:267,0
DA:268,0
DA:269,0
DA:272,0
DA:273,0
DA:274,0
DA:275,0
DA:276,0
DA:277,0
DA:278,0
DA:279,0
DA:280,0
DA:283,0
DA:284,0
DA:285,0
DA:286,0
DA:287,0
DA:288,0
DA:289,0
DA:290,0
DA:291,0
DA:292,0
DA:293,0
DA:294,0
DA:298,0
DA:299,0
DA:300,0
DA:307,0
DA:308,0
DA:310,0
DA:311,0
DA:313,0
DA:314,0
DA:316,0
DA:317,0
DA:319,0
DA:320,0
DA:324,0
DA:325,0
DA:326,0
DA:332,0
DA:333,0
DA:334,0
DA:335,0
DA:336,0
DA:337,0
DA:338,0
DA:339,0
DA:341,0
DA:347,0
DA:348,0
DA:350,0
DA:352,0
DA:355,0
DA:357,0
DA:359,0
DA:362,0
DA:364,0
DA:365,0
DA:369,0
DA:370,0
DA:371,0
DA:374,1
DA:378,1
LF:201
LH:16
BRDA:17,0,0,0
BRDA:17,0,1,0
BRDA:17,0,2,0
BRDA:17,0,3,0
BRDA:17,0,4,0
BRDA:50,1,0,0
BRDA:50,1,1,0
BRDA:64,2,0,0
BRDA:64,2,1,0
BRDA:101,3,0,0
BRDA:101,3,1,0
BRDA:115,4,0,0
BRDA:115,4,1,0
BRDA:115,5,0,0
BRDA:115,5,1,0
BRDA:122,6,0,0
BRDA:122,6,1,0
BRDA:122,6,2,0
BRDA:122,6,3,0
BRDA:130,7,0,0
BRDA:130,7,1,0
BRDA:136,8,0,0
BRDA:136,8,1,0
BRDA:136,9,0,0
BRDA:136,9,1,0
BRDA:136,9,2,0
BRDA:136,9,3,0
BRDA:144,10,0,0
BRDA:144,10,1,0
BRDA:188,11,0,0
BRDA:188,11,1,0
BRDA:188,12,0,0
BRDA:188,12,1,0
BRDA:263,13,0,0
BRDA:263,13,1,0
BRDA:293,14,0,0
BRDA:293,14,1,0
BRDA:308,15,0,0
BRDA:308,15,1,0
BRDA:308,15,2,0
BRDA:308,15,3,0
BRDA:325,16,0,0
BRDA:325,16,1,0
BRDA:338,17,0,0
BRDA:338,17,1,0
BRF:45
BRH:0
end_of_record
